[Fri Mar 08 20:35:24.929037 2024] [mpm_winnt:notice] [pid 15552:tid 448] AH00455: Apache/2.4.58 (Win64) configured -- resuming normal operations
[Fri Mar 08 20:35:24.930033 2024] [mpm_winnt:notice] [pid 15552:tid 448] AH00456: Apache Lounge VS17 Server built: Jan 30 2024 19:01:23
[Fri Mar 08 20:35:24.930033 2024] [core:notice] [pid 15552:tid 448] AH00094: Command line: 'D:\\Apache24\\bin\\httpd.exe -d D:/Apache24'
[Fri Mar 08 20:35:24.934020 2024] [mpm_winnt:notice] [pid 15552:tid 448] AH00418: Parent: Created child process 11408
[Fri Mar 08 20:35:25.585647 2024] [mpm_winnt:notice] [pid 11408:tid 452] AH00354: Child: Starting 64 worker threads.
[Fri Mar 08 20:35:42.244813 2024] [mpm_winnt:notice] [pid 15552:tid 448] AH00422: Parent: Received shutdown signal -- Shutting down the server.
[Fri Mar 08 20:35:44.256083 2024] [mpm_winnt:notice] [pid 11408:tid 452] AH00364: Child: All worker threads have exited.
[Fri Mar 08 20:35:44.275926 2024] [mpm_winnt:notice] [pid 15552:tid 448] AH00430: Parent: Child process 11408 exited successfully.
[Fri Mar 08 20:38:52.478388 2024] [mpm_winnt:notice] [pid 17556:tid 428] AH00455: Apache/2.4.58 (Win64) configured -- resuming normal operations
[Fri Mar 08 20:38:52.479385 2024] [mpm_winnt:notice] [pid 17556:tid 428] AH00456: Apache Lounge VS17 Server built: Jan 30 2024 19:01:23
[Fri Mar 08 20:38:52.479385 2024] [core:notice] [pid 17556:tid 428] AH00094: Command line: 'D:\\Apache24\\bin\\httpd.exe -d D:/Apache24'
[Fri Mar 08 20:38:52.483371 2024] [mpm_winnt:notice] [pid 17556:tid 428] AH00418: Parent: Created child process 20816
[Fri Mar 08 20:38:53.114801 2024] [mpm_winnt:notice] [pid 20816:tid 424] AH00354: Child: Starting 64 worker threads.
[Fri Mar 08 20:39:27.405101 2024] [mpm_winnt:notice] [pid 17556:tid 428] AH00422: Parent: Received shutdown signal -- Shutting down the server.
[Fri Mar 08 20:39:29.441983 2024] [mpm_winnt:notice] [pid 20816:tid 424] AH00364: Child: All worker threads have exited.
[Fri Mar 08 20:39:29.462167 2024] [mpm_winnt:notice] [pid 17556:tid 428] AH00430: Parent: Child process 20816 exited successfully.
[Fri Mar 08 20:40:57.771480 2024] [mpm_winnt:notice] [pid 9932:tid 412] AH00455: Apache/2.4.58 (Win64) configured -- resuming normal operations
[Fri Mar 08 20:40:57.772473 2024] [mpm_winnt:notice] [pid 9932:tid 412] AH00456: Apache Lounge VS17 Server built: Jan 30 2024 19:01:23
[Fri Mar 08 20:40:57.772473 2024] [core:notice] [pid 9932:tid 412] AH00094: Command line: 'D:\\Apache24\\bin\\httpd.exe -d D:/Apache24'
[Fri Mar 08 20:40:57.776450 2024] [mpm_winnt:notice] [pid 9932:tid 412] AH00418: Parent: Created child process 7828
[Fri Mar 08 20:40:58.431848 2024] [mpm_winnt:notice] [pid 7828:tid 420] AH00354: Child: Starting 64 worker threads.
[Fri Mar 08 20:51:52.533522 2024] [mpm_winnt:notice] [pid 9932:tid 412] AH00422: Parent: Received shutdown signal -- Shutting down the server.
[Fri Mar 08 20:51:54.552235 2024] [mpm_winnt:notice] [pid 7828:tid 420] AH00364: Child: All worker threads have exited.
[Fri Mar 08 20:51:54.571030 2024] [mpm_winnt:notice] [pid 9932:tid 412] AH00430: Parent: Child process 7828 exited successfully.
[Fri Mar 08 21:12:46.975111 2024] [mpm_winnt:notice] [pid 1752:tid 404] AH00455: Apache/2.4.58 (Win64) PHP/5.5.7 configured -- resuming normal operations
[Fri Mar 08 21:12:46.975111 2024] [mpm_winnt:notice] [pid 1752:tid 404] AH00456: Apache Lounge VS17 Server built: Jan 30 2024 19:01:23
[Fri Mar 08 21:12:46.975111 2024] [core:notice] [pid 1752:tid 404] AH00094: Command line: 'D:\\Apache24\\bin\\httpd.exe -d D:/Apache24'
[Fri Mar 08 21:12:46.980094 2024] [mpm_winnt:notice] [pid 1752:tid 404] AH00418: Parent: Created child process 12832
[Fri Mar 08 21:12:47.651767 2024] [mpm_winnt:notice] [pid 12832:tid 432] AH00354: Child: Starting 64 worker threads.
[Fri Mar 08 21:14:24.791918 2024] [mpm_winnt:notice] [pid 1752:tid 404] AH00424: Parent: Received restart signal -- Restarting the server.
[Fri Mar 08 21:14:24.828803 2024] [mpm_winnt:notice] [pid 1752:tid 404] AH00455: Apache/2.4.58 (Win64) PHP/5.5.7 configured -- resuming normal operations
[Fri Mar 08 21:14:24.828803 2024] [mpm_winnt:notice] [pid 1752:tid 404] AH00456: Apache Lounge VS17 Server built: Jan 30 2024 19:01:23
[Fri Mar 08 21:14:24.828803 2024] [core:notice] [pid 1752:tid 404] AH00094: Command line: 'D:\\Apache24\\bin\\httpd.exe -d D:/Apache24'
[Fri Mar 08 21:14:24.831784 2024] [mpm_winnt:notice] [pid 1752:tid 404] AH00418: Parent: Created child process 15428
[Fri Mar 08 21:14:25.806560 2024] [mpm_winnt:notice] [pid 15428:tid 420] AH00354: Child: Starting 64 worker threads.
[Fri Mar 08 21:14:26.815465 2024] [mpm_winnt:notice] [pid 12832:tid 432] AH00364: Child: All worker threads have exited.
[Fri Mar 08 21:17:24.272226 2024] [mpm_winnt:notice] [pid 1752:tid 404] AH00424: Parent: Received restart signal -- Restarting the server.
[Fri Mar 08 21:17:24.315739 2024] [mpm_winnt:notice] [pid 1752:tid 404] AH00455: Apache/2.4.58 (Win64) PHP/5.5.7 configured -- resuming normal operations
[Fri Mar 08 21:17:24.315739 2024] [mpm_winnt:notice] [pid 1752:tid 404] AH00456: Apache Lounge VS17 Server built: Jan 30 2024 19:01:23
[Fri Mar 08 21:17:24.315739 2024] [core:notice] [pid 1752:tid 404] AH00094: Command line: 'D:\\Apache24\\bin\\httpd.exe -d D:/Apache24'
[Fri Mar 08 21:17:24.318731 2024] [mpm_winnt:notice] [pid 1752:tid 404] AH00418: Parent: Created child process 20748
[Fri Mar 08 21:17:25.276752 2024] [mpm_winnt:notice] [pid 20748:tid 424] AH00354: Child: Starting 64 worker threads.
[Fri Mar 08 21:17:26.281330 2024] [mpm_winnt:notice] [pid 15428:tid 420] AH00364: Child: All worker threads have exited.
[Fri Mar 08 21:28:40.480993 2024] [mpm_winnt:notice] [pid 1752:tid 404] AH00424: Parent: Received restart signal -- Restarting the server.
[Fri Mar 08 21:28:40.520675 2024] [mpm_winnt:notice] [pid 1752:tid 404] AH00455: Apache/2.4.58 (Win64) PHP/5.5.7 configured -- resuming normal operations
[Fri Mar 08 21:28:40.520675 2024] [mpm_winnt:notice] [pid 1752:tid 404] AH00456: Apache Lounge VS17 Server built: Jan 30 2024 19:01:23
[Fri Mar 08 21:28:40.520675 2024] [core:notice] [pid 1752:tid 404] AH00094: Command line: 'D:\\Apache24\\bin\\httpd.exe -d D:/Apache24'
[Fri Mar 08 21:28:40.520675 2024] [mpm_winnt:notice] [pid 1752:tid 404] AH00418: Parent: Created child process 12780
[Fri Mar 08 21:28:41.501136 2024] [mpm_winnt:notice] [pid 12780:tid 432] AH00354: Child: Starting 64 worker threads.
[Fri Mar 08 21:28:42.511246 2024] [mpm_winnt:notice] [pid 20748:tid 424] AH00364: Child: All worker threads have exited.
[Fri Mar 08 21:35:16.962844 2024] [mpm_winnt:notice] [pid 1752:tid 404] AH00424: Parent: Received restart signal -- Restarting the server.
[Fri Mar 08 21:35:17.110193 2024] [mpm_winnt:notice] [pid 1752:tid 404] AH00455: Apache/2.4.58 (Win64) PHP/5.5.7 configured -- resuming normal operations
[Fri Mar 08 21:35:17.110193 2024] [mpm_winnt:notice] [pid 1752:tid 404] AH00456: Apache Lounge VS17 Server built: Jan 30 2024 19:01:23
[Fri Mar 08 21:35:17.110193 2024] [core:notice] [pid 1752:tid 404] AH00094: Command line: 'D:\\Apache24\\bin\\httpd.exe -d D:/Apache24'
[Fri Mar 08 21:35:17.118041 2024] [mpm_winnt:notice] [pid 1752:tid 404] AH00418: Parent: Created child process 15272
[Fri Mar 08 21:35:17.965183 2024] [mpm_winnt:notice] [pid 15272:tid 444] AH00354: Child: Starting 64 worker threads.
[Fri Mar 08 21:35:18.971065 2024] [mpm_winnt:notice] [pid 12780:tid 432] AH00364: Child: All worker threads have exited.
[Fri Mar 08 21:35:20.846099 2024] [:error] [pid 15272:tid 1140] [client ::1:58895] PHP Warning:  phpinfo(): It is not safe to rely on the system's timezone settings. You are *required* to use the date.timezone setting or the date_default_timezone_set() function. In case you used any of those methods and you are still getting this warning, you most likely misspelled the timezone identifier. We selected the timezone 'UTC' for now, but please set date.timezone to select your timezone. in D:\\Apache24\\htdocs\\test.php on line 1
[Fri Mar 08 21:52:12.235295 2024] [mpm_winnt:notice] [pid 1752:tid 404] AH00424: Parent: Received restart signal -- Restarting the server.
AH00526: Syntax error on line 550 of D:/Apache24/conf/httpd.conf:
Invalid command 'Order', perhaps misspelled or defined by a module not included in the server configuration
[Fri Mar 08 21:52:14.252494 2024] [mpm_winnt:notice] [pid 15272:tid 444] AH00364: Child: All worker threads have exited.
[Fri Mar 08 21:58:39.249517 2024] [core:warn] [pid 20228:tid 404] AH00098: pid file D:/Apache24/logs/httpd.pid overwritten -- Unclean shutdown of previous Apache run?
[Fri Mar 08 21:58:39.256496 2024] [mpm_winnt:notice] [pid 20228:tid 404] AH00455: Apache/2.4.58 (Win64) PHP/5.5.7 configured -- resuming normal operations
[Fri Mar 08 21:58:39.256496 2024] [mpm_winnt:notice] [pid 20228:tid 404] AH00456: Apache Lounge VS17 Server built: Jan 30 2024 19:01:23
[Fri Mar 08 21:58:39.256496 2024] [core:notice] [pid 20228:tid 404] AH00094: Command line: 'D:\\Apache24\\bin\\httpd.exe -d D:/Apache24'
[Fri Mar 08 21:58:39.260916 2024] [mpm_winnt:notice] [pid 20228:tid 404] AH00418: Parent: Created child process 18204
[Fri Mar 08 21:58:39.886536 2024] [mpm_winnt:notice] [pid 18204:tid 444] AH00354: Child: Starting 64 worker threads.
[Fri Mar 08 21:58:55.596393 2024] [:error] [pid 18204:tid 1100] [client ::1:55793] PHP Warning:  phpinfo(): It is not safe to rely on the system's timezone settings. You are *required* to use the date.timezone setting or the date_default_timezone_set() function. In case you used any of those methods and you are still getting this warning, you most likely misspelled the timezone identifier. We selected the timezone 'UTC' for now, but please set date.timezone to select your timezone. in D:\\Apache24\\htdocs\\test.php on line 1
[Fri Mar 08 21:59:05.450904 2024] [mpm_winnt:notice] [pid 20228:tid 404] AH00424: Parent: Received restart signal -- Restarting the server.
[Fri Mar 08 21:59:05.487790 2024] [mpm_winnt:notice] [pid 20228:tid 404] AH00455: Apache/2.4.58 (Win64) PHP/5.5.7 configured -- resuming normal operations
[Fri Mar 08 21:59:05.487790 2024] [mpm_winnt:notice] [pid 20228:tid 404] AH00456: Apache Lounge VS17 Server built: Jan 30 2024 19:01:23
[Fri Mar 08 21:59:05.487790 2024] [core:notice] [pid 20228:tid 404] AH00094: Command line: 'D:\\Apache24\\bin\\httpd.exe -d D:/Apache24'
[Fri Mar 08 21:59:05.490941 2024] [mpm_winnt:notice] [pid 20228:tid 404] AH00418: Parent: Created child process 1692
[Fri Mar 08 21:59:06.463135 2024] [mpm_winnt:notice] [pid 1692:tid 456] AH00354: Child: Starting 64 worker threads.
[Fri Mar 08 21:59:09.106192 2024] [mpm_winnt:notice] [pid 18204:tid 444] AH00364: Child: All worker threads have exited.
[Fri Mar 08 22:14:55.964836 2024] [mpm_winnt:notice] [pid 20228:tid 404] AH00424: Parent: Received restart signal -- Restarting the server.
[Fri Mar 08 22:14:56.010697 2024] [mpm_winnt:notice] [pid 20228:tid 404] AH00455: Apache/2.4.58 (Win64) PHP/5.5.7 configured -- resuming normal operations
[Fri Mar 08 22:14:56.010697 2024] [mpm_winnt:notice] [pid 20228:tid 404] AH00456: Apache Lounge VS17 Server built: Jan 30 2024 19:01:23
[Fri Mar 08 22:14:56.010697 2024] [core:notice] [pid 20228:tid 404] AH00094: Command line: 'D:\\Apache24\\bin\\httpd.exe -d D:/Apache24'
[Fri Mar 08 22:14:56.013677 2024] [mpm_winnt:notice] [pid 20228:tid 404] AH00418: Parent: Created child process 17028
[Fri Mar 08 22:14:56.977218 2024] [mpm_winnt:notice] [pid 17028:tid 456] AH00354: Child: Starting 64 worker threads.
[Fri Mar 08 22:14:57.981138 2024] [mpm_winnt:notice] [pid 1692:tid 456] AH00364: Child: All worker threads have exited.
[Fri Mar 08 22:14:58.975829 2024] [:error] [pid 17028:tid 1140] [client ::1:50956] PHP Warning:  phpinfo(): It is not safe to rely on the system's timezone settings. You are *required* to use the date.timezone setting or the date_default_timezone_set() function. In case you used any of those methods and you are still getting this warning, you most likely misspelled the timezone identifier. We selected the timezone 'UTC' for now, but please set date.timezone to select your timezone. in D:\\Apache24\\htdocs\\test.php on line 1
[Fri Mar 08 22:31:41.563828 2024] [mpm_winnt:notice] [pid 20228:tid 404] AH00424: Parent: Received restart signal -- Restarting the server.
[Fri Mar 08 22:31:41.609724 2024] [mpm_winnt:notice] [pid 20228:tid 404] AH00455: Apache/2.4.58 (Win64) PHP/5.5.7 configured -- resuming normal operations
[Fri Mar 08 22:31:41.609724 2024] [mpm_winnt:notice] [pid 20228:tid 404] AH00456: Apache Lounge VS17 Server built: Jan 30 2024 19:01:23
[Fri Mar 08 22:31:41.609724 2024] [core:notice] [pid 20228:tid 404] AH00094: Command line: 'D:\\Apache24\\bin\\httpd.exe -d D:/Apache24'
[Fri Mar 08 22:31:41.612714 2024] [mpm_winnt:notice] [pid 20228:tid 404] AH00418: Parent: Created child process 20280
[Fri Mar 08 22:31:42.570888 2024] [mpm_winnt:notice] [pid 20280:tid 420] AH00354: Child: Starting 64 worker threads.
[Fri Mar 08 22:31:43.582744 2024] [mpm_winnt:notice] [pid 17028:tid 456] AH00364: Child: All worker threads have exited.
[Fri Mar 08 22:37:52.036401 2024] [mpm_winnt:notice] [pid 20228:tid 404] AH00424: Parent: Received restart signal -- Restarting the server.
[Fri Mar 08 22:37:52.080251 2024] [mpm_winnt:notice] [pid 20228:tid 404] AH00455: Apache/2.4.58 (Win64) PHP/5.5.7 configured -- resuming normal operations
[Fri Mar 08 22:37:52.080251 2024] [mpm_winnt:notice] [pid 20228:tid 404] AH00456: Apache Lounge VS17 Server built: Jan 30 2024 19:01:23
[Fri Mar 08 22:37:52.080251 2024] [core:notice] [pid 20228:tid 404] AH00094: Command line: 'D:\\Apache24\\bin\\httpd.exe -d D:/Apache24'
[Fri Mar 08 22:37:52.083242 2024] [mpm_winnt:notice] [pid 20228:tid 404] AH00418: Parent: Created child process 15164
[Fri Mar 08 22:37:53.046187 2024] [mpm_winnt:notice] [pid 15164:tid 420] AH00354: Child: Starting 64 worker threads.
[Fri Mar 08 22:37:54.055232 2024] [mpm_winnt:notice] [pid 20280:tid 420] AH00364: Child: All worker threads have exited.
[Fri Mar 08 22:37:54.208175 2024] [:error] [pid 15164:tid 1140] [client ::1:59515] PHP Warning:  mysqli::mysqli(): (HY000/1049): Unknown database 'mydb' in D:\\Apache24\\htdocs\\test.php on line 8
[Fri Mar 08 22:39:17.812289 2024] [mpm_winnt:notice] [pid 20228:tid 404] AH00424: Parent: Received restart signal -- Restarting the server.
[Fri Mar 08 22:39:17.844853 2024] [mpm_winnt:notice] [pid 20228:tid 404] AH00455: Apache/2.4.58 (Win64) PHP/5.5.7 configured -- resuming normal operations
[Fri Mar 08 22:39:17.844853 2024] [mpm_winnt:notice] [pid 20228:tid 404] AH00456: Apache Lounge VS17 Server built: Jan 30 2024 19:01:23
[Fri Mar 08 22:39:17.844853 2024] [core:notice] [pid 20228:tid 404] AH00094: Command line: 'D:\\Apache24\\bin\\httpd.exe -d D:/Apache24'
[Fri Mar 08 22:39:17.847847 2024] [mpm_winnt:notice] [pid 20228:tid 404] AH00418: Parent: Created child process 6852
[Fri Mar 08 22:39:18.824127 2024] [mpm_winnt:notice] [pid 6852:tid 432] AH00354: Child: Starting 64 worker threads.
[Fri Mar 08 22:39:19.834476 2024] [mpm_winnt:notice] [pid 15164:tid 420] AH00364: Child: All worker threads have exited.
[Fri Mar 08 22:39:21.420053 2024] [:error] [pid 6852:tid 1140] [client ::1:59553] PHP Warning:  mysqli::mysqli(): (HY000/1049): Unknown database 'argbearingdb' in D:\\Apache24\\htdocs\\test.php on line 8
[Fri Mar 08 22:39:55.147335 2024] [mpm_winnt:notice] [pid 20228:tid 404] AH00424: Parent: Received restart signal -- Restarting the server.
[Fri Mar 08 22:39:55.182218 2024] [mpm_winnt:notice] [pid 20228:tid 404] AH00455: Apache/2.4.58 (Win64) PHP/5.5.7 configured -- resuming normal operations
[Fri Mar 08 22:39:55.182218 2024] [mpm_winnt:notice] [pid 20228:tid 404] AH00456: Apache Lounge VS17 Server built: Jan 30 2024 19:01:23
[Fri Mar 08 22:39:55.182218 2024] [core:notice] [pid 20228:tid 404] AH00094: Command line: 'D:\\Apache24\\bin\\httpd.exe -d D:/Apache24'
[Fri Mar 08 22:39:55.185217 2024] [mpm_winnt:notice] [pid 20228:tid 404] AH00418: Parent: Created child process 2164
[Fri Mar 08 22:39:56.148063 2024] [mpm_winnt:notice] [pid 2164:tid 440] AH00354: Child: Starting 64 worker threads.
[Fri Mar 08 22:39:57.810516 2024] [mpm_winnt:notice] [pid 6852:tid 432] AH00364: Child: All worker threads have exited.
[Fri Mar 08 23:10:06.518269 2024] [mpm_winnt:notice] [pid 20228:tid 404] AH00424: Parent: Received restart signal -- Restarting the server.
[Fri Mar 08 23:10:06.555955 2024] [mpm_winnt:notice] [pid 20228:tid 404] AH00455: Apache/2.4.58 (Win64) PHP/5.5.7 configured -- resuming normal operations
[Fri Mar 08 23:10:06.555955 2024] [mpm_winnt:notice] [pid 20228:tid 404] AH00456: Apache Lounge VS17 Server built: Jan 30 2024 19:01:23
[Fri Mar 08 23:10:06.555955 2024] [core:notice] [pid 20228:tid 404] AH00094: Command line: 'D:\\Apache24\\bin\\httpd.exe -d D:/Apache24'
[Fri Mar 08 23:10:06.559131 2024] [mpm_winnt:notice] [pid 20228:tid 404] AH00418: Parent: Created child process 18188
[Fri Mar 08 23:10:07.520295 2024] [mpm_winnt:notice] [pid 18188:tid 420] AH00354: Child: Starting 64 worker threads.
[Fri Mar 08 23:10:08.527474 2024] [mpm_winnt:notice] [pid 2164:tid 440] AH00364: Child: All worker threads have exited.
[Fri Mar 08 23:34:32.751637 2024] [mpm_winnt:notice] [pid 20228:tid 404] AH00424: Parent: Received restart signal -- Restarting the server.
[Fri Mar 08 23:34:32.807440 2024] [mpm_winnt:notice] [pid 20228:tid 404] AH00455: Apache/2.4.58 (Win64) PHP/5.5.7 configured -- resuming normal operations
[Fri Mar 08 23:34:32.807440 2024] [mpm_winnt:notice] [pid 20228:tid 404] AH00456: Apache Lounge VS17 Server built: Jan 30 2024 19:01:23
[Fri Mar 08 23:34:32.807440 2024] [core:notice] [pid 20228:tid 404] AH00094: Command line: 'D:\\Apache24\\bin\\httpd.exe -d D:/Apache24'
[Fri Mar 08 23:34:32.810444 2024] [mpm_winnt:notice] [pid 20228:tid 404] AH00418: Parent: Created child process 16788
[Fri Mar 08 23:34:33.765577 2024] [mpm_winnt:notice] [pid 16788:tid 432] AH00354: Child: Starting 64 worker threads.
[Fri Mar 08 23:34:34.775838 2024] [mpm_winnt:notice] [pid 18188:tid 420] AH00364: Child: All worker threads have exited.
[Sat Mar 09 04:28:56.038897 2024] [mpm_winnt:notice] [pid 20228:tid 404] AH00422: Parent: Received shutdown signal -- Shutting down the server.
[Sat Mar 09 04:28:58.066819 2024] [mpm_winnt:notice] [pid 16788:tid 432] AH00364: Child: All worker threads have exited.
[Sat Mar 09 04:28:58.123136 2024] [mpm_winnt:notice] [pid 20228:tid 404] AH00430: Parent: Child process 16788 exited successfully.
[Sat Mar 09 13:11:56.235049 2024] [mpm_winnt:notice] [pid 14924:tid 404] AH00455: Apache/2.4.58 (Win64) PHP/5.5.7 configured -- resuming normal operations
[Sat Mar 09 13:11:56.236008 2024] [mpm_winnt:notice] [pid 14924:tid 404] AH00456: Apache Lounge VS17 Server built: Jan 30 2024 19:01:23
[Sat Mar 09 13:11:56.236008 2024] [core:notice] [pid 14924:tid 404] AH00094: Command line: 'D:\\Apache24\\bin\\httpd.exe -d D:/Apache24'
[Sat Mar 09 13:11:56.240100 2024] [mpm_winnt:notice] [pid 14924:tid 404] AH00418: Parent: Created child process 19548
[Sat Mar 09 13:11:56.820160 2024] [mpm_winnt:notice] [pid 19548:tid 456] AH00354: Child: Starting 64 worker threads.
[Sat Mar 09 13:58:19.702553 2024] [mpm_winnt:notice] [pid 14924:tid 404] AH00422: Parent: Received shutdown signal -- Shutting down the server.
[Sat Mar 09 13:58:21.719403 2024] [mpm_winnt:notice] [pid 19548:tid 456] AH00364: Child: All worker threads have exited.
[Sat Mar 09 13:58:21.741665 2024] [mpm_winnt:notice] [pid 14924:tid 404] AH00430: Parent: Child process 19548 exited successfully.
[Sat Mar 09 15:17:54.304384 2024] [mpm_winnt:notice] [pid 20192:tid 416] AH00455: Apache/2.4.58 (Win64) PHP/5.5.7 configured -- resuming normal operations
[Sat Mar 09 15:17:54.304384 2024] [mpm_winnt:notice] [pid 20192:tid 416] AH00456: Apache Lounge VS17 Server built: Jan 30 2024 19:01:23
[Sat Mar 09 15:17:54.304384 2024] [core:notice] [pid 20192:tid 416] AH00094: Command line: 'D:\\Apache24\\bin\\httpd.exe -d D:/Apache24'
[Sat Mar 09 15:17:54.309367 2024] [mpm_winnt:notice] [pid 20192:tid 416] AH00418: Parent: Created child process 17540
[Sat Mar 09 15:17:55.016053 2024] [mpm_winnt:notice] [pid 17540:tid 432] AH00354: Child: Starting 64 worker threads.
[Sat Mar 09 16:08:05.751911 2024] [mpm_winnt:notice] [pid 20192:tid 416] AH00422: Parent: Received shutdown signal -- Shutting down the server.
[Sat Mar 09 16:08:07.767514 2024] [mpm_winnt:notice] [pid 17540:tid 432] AH00364: Child: All worker threads have exited.
[Sat Mar 09 16:08:07.788445 2024] [mpm_winnt:notice] [pid 20192:tid 416] AH00430: Parent: Child process 17540 exited successfully.
[Wed Mar 13 17:07:16.617317 2024] [mpm_winnt:notice] [pid 4112:tid 304] AH00455: Apache/2.4.58 (Win64) PHP/5.5.7 configured -- resuming normal operations
[Wed Mar 13 17:07:16.617317 2024] [mpm_winnt:notice] [pid 4112:tid 304] AH00456: Apache Lounge VS17 Server built: Jan 30 2024 19:01:23
[Wed Mar 13 17:07:16.617317 2024] [core:notice] [pid 4112:tid 304] AH00094: Command line: 'D:\\Apache24\\bin\\httpd.exe -d D:/Apache24'
[Wed Mar 13 17:07:16.620877 2024] [mpm_winnt:notice] [pid 4112:tid 304] AH00418: Parent: Created child process 8672
[Wed Mar 13 17:07:18.278349 2024] [mpm_winnt:notice] [pid 8672:tid 444] AH00354: Child: Starting 64 worker threads.
[Wed Mar 13 17:07:39.697647 2024] [mpm_winnt:notice] [pid 4112:tid 304] AH00422: Parent: Received shutdown signal -- Shutting down the server.
[Wed Mar 13 17:07:41.747101 2024] [mpm_winnt:notice] [pid 8672:tid 444] AH00364: Child: All worker threads have exited.
[Wed Mar 13 17:07:41.764706 2024] [mpm_winnt:notice] [pid 4112:tid 304] AH00430: Parent: Child process 8672 exited successfully.
[Wed Mar 13 19:25:13.200802 2024] [mpm_winnt:notice] [pid 4572:tid 416] AH00455: Apache/2.4.58 (Win64) PHP/5.5.7 configured -- resuming normal operations
[Wed Mar 13 19:25:13.200802 2024] [mpm_winnt:notice] [pid 4572:tid 416] AH00456: Apache Lounge VS17 Server built: Jan 30 2024 19:01:23
[Wed Mar 13 19:25:13.200802 2024] [core:notice] [pid 4572:tid 416] AH00094: Command line: 'D:\\Apache24\\bin\\httpd.exe -d D:/Apache24'
[Wed Mar 13 19:25:13.200802 2024] [mpm_winnt:notice] [pid 4572:tid 416] AH00418: Parent: Created child process 9004
[Wed Mar 13 19:25:14.373098 2024] [mpm_winnt:notice] [pid 9004:tid 448] AH00354: Child: Starting 64 worker threads.
[Sun Mar 17 20:12:24.188781 2024] [core:warn] [pid 4340:tid 436] AH00098: pid file D:/Apache24/logs/httpd.pid overwritten -- Unclean shutdown of previous Apache run?
[Sun Mar 17 20:12:24.433961 2024] [mpm_winnt:notice] [pid 4340:tid 436] AH00455: Apache/2.4.58 (Win64) PHP/5.5.7 configured -- resuming normal operations
[Sun Mar 17 20:12:24.433961 2024] [mpm_winnt:notice] [pid 4340:tid 436] AH00456: Apache Lounge VS17 Server built: Jan 30 2024 19:01:23
[Sun Mar 17 20:12:24.433961 2024] [core:notice] [pid 4340:tid 436] AH00094: Command line: 'D:\\Apache24\\bin\\httpd.exe -d D:/Apache24'
[Sun Mar 17 20:12:24.438946 2024] [mpm_winnt:notice] [pid 4340:tid 436] AH00418: Parent: Created child process 8940
[Sun Mar 17 20:12:24.908380 2024] [mpm_winnt:notice] [pid 8940:tid 424] AH00354: Child: Starting 64 worker threads.
[Sun Mar 17 20:12:32.450793 2024] [:error] [pid 8940:tid 1104] [client 192.168.0.114:62613] PHP Warning:  mysqli::mysqli(): MySQL server has gone away in D:\\Apache24\\htdocs\\fetch_faultinfo.php on line 8
[Sun Mar 17 20:12:32.451788 2024] [:error] [pid 8940:tid 1104] [client 192.168.0.114:62613] PHP Warning:  mysqli::mysqli(): Error while reading greeting packet. PID=8940 in D:\\Apache24\\htdocs\\fetch_faultinfo.php on line 8
[Sun Mar 17 20:12:32.451788 2024] [:error] [pid 8940:tid 1104] [client 192.168.0.114:62613] PHP Warning:  mysqli::mysqli(): (HY000/2006): MySQL server has gone away in D:\\Apache24\\htdocs\\fetch_faultinfo.php on line 8
[Sun Mar 17 20:55:01.971567 2024] [mpm_winnt:notice] [pid 4340:tid 436] AH00422: Parent: Received shutdown signal -- Shutting down the server.
[Sun Mar 17 20:55:03.985417 2024] [mpm_winnt:notice] [pid 8940:tid 424] AH00364: Child: All worker threads have exited.
[Sun Mar 17 20:55:04.024188 2024] [mpm_winnt:notice] [pid 4340:tid 436] AH00430: Parent: Child process 8940 exited successfully.
[Thu Mar 28 02:13:21.780873 2024] [mpm_winnt:notice] [pid 22452:tid 408] AH00455: Apache/2.4.58 (Win64) PHP/5.5.7 configured -- resuming normal operations
[Thu Mar 28 02:13:21.780873 2024] [mpm_winnt:notice] [pid 22452:tid 408] AH00456: Apache Lounge VS17 Server built: Jan 30 2024 19:01:23
[Thu Mar 28 02:13:21.780873 2024] [core:notice] [pid 22452:tid 408] AH00094: Command line: 'D:\\Apache24\\bin\\httpd.exe -d D:/Apache24'
[Thu Mar 28 02:13:21.787850 2024] [mpm_winnt:notice] [pid 22452:tid 408] AH00418: Parent: Created child process 14428
[Thu Mar 28 02:13:22.251888 2024] [mpm_winnt:notice] [pid 14428:tid 428] AH00354: Child: Starting 64 worker threads.
[Thu Mar 28 02:55:24.153763 2024] [mpm_winnt:notice] [pid 22452:tid 408] AH00422: Parent: Received shutdown signal -- Shutting down the server.
[Thu Mar 28 02:55:26.171859 2024] [mpm_winnt:notice] [pid 14428:tid 428] AH00364: Child: All worker threads have exited.
[Thu Mar 28 02:55:26.210725 2024] [mpm_winnt:notice] [pid 22452:tid 408] AH00430: Parent: Child process 14428 exited successfully.
[Thu Mar 28 22:15:51.240216 2024] [mpm_winnt:notice] [pid 13040:tid 404] AH00455: Apache/2.4.58 (Win64) PHP/5.5.7 configured -- resuming normal operations
[Thu Mar 28 22:15:51.241201 2024] [mpm_winnt:notice] [pid 13040:tid 404] AH00456: Apache Lounge VS17 Server built: Jan 30 2024 19:01:23
[Thu Mar 28 22:15:51.241201 2024] [core:notice] [pid 13040:tid 404] AH00094: Command line: 'D:\\Apache24\\bin\\httpd.exe -d D:/Apache24'
[Thu Mar 28 22:15:51.245356 2024] [mpm_winnt:notice] [pid 13040:tid 404] AH00418: Parent: Created child process 11064
[Thu Mar 28 22:15:51.823431 2024] [mpm_winnt:notice] [pid 11064:tid 440] AH00354: Child: Starting 64 worker threads.
[Fri Mar 29 01:04:59.356040 2024] [mpm_winnt:notice] [pid 13040:tid 404] AH00422: Parent: Received shutdown signal -- Shutting down the server.
[Fri Mar 29 01:05:01.371504 2024] [mpm_winnt:notice] [pid 11064:tid 440] AH00364: Child: All worker threads have exited.
[Fri Mar 29 01:05:01.408583 2024] [mpm_winnt:notice] [pid 13040:tid 404] AH00430: Parent: Child process 11064 exited successfully.
[Fri Mar 29 15:34:54.768494 2024] [mpm_winnt:notice] [pid 23892:tid 416] AH00455: Apache/2.4.58 (Win64) PHP/5.5.7 configured -- resuming normal operations
[Fri Mar 29 15:34:54.769491 2024] [mpm_winnt:notice] [pid 23892:tid 416] AH00456: Apache Lounge VS17 Server built: Jan 30 2024 19:01:23
[Fri Mar 29 15:34:54.769491 2024] [core:notice] [pid 23892:tid 416] AH00094: Command line: 'D:\\Apache24\\bin\\httpd.exe -d D:/Apache24'
[Fri Mar 29 15:34:54.773478 2024] [mpm_winnt:notice] [pid 23892:tid 416] AH00418: Parent: Created child process 23920
[Fri Mar 29 15:34:55.238927 2024] [mpm_winnt:notice] [pid 23920:tid 424] AH00354: Child: Starting 64 worker threads.
[Fri Mar 29 20:33:38.402543 2024] [:error] [pid 23920:tid 640] [client 192.168.0.113:59440] PHP Notice:  Undefined index: machineNumber in D:\\Apache24\\htdocs\\select_machinebearinginfo.php on line 9
[Fri Mar 29 20:33:38.409518 2024] [:error] [pid 23920:tid 640] [client 192.168.0.113:59440] PHP Notice:  Trying to get property of non-object in D:\\Apache24\\htdocs\\select_machinebearinginfo.php on line 24
[Fri Mar 29 20:35:08.099916 2024] [:error] [pid 23920:tid 628] [client 192.168.0.113:59466] PHP Notice:  Undefined index: machineNumber in D:\\Apache24\\htdocs\\select_machinebearinginfo.php on line 9
[Fri Mar 29 20:35:08.114907 2024] [:error] [pid 23920:tid 628] [client 192.168.0.113:59466] PHP Notice:  Trying to get property of non-object in D:\\Apache24\\htdocs\\select_machinebearinginfo.php on line 24
[Fri Mar 29 20:35:12.776230 2024] [:error] [pid 23920:tid 628] [client 192.168.0.113:59466] PHP Notice:  Undefined index: machineNumber in D:\\Apache24\\htdocs\\select_machinebearinginfo.php on line 9
[Fri Mar 29 20:35:12.777227 2024] [:error] [pid 23920:tid 628] [client 192.168.0.113:59466] PHP Notice:  Trying to get property of non-object in D:\\Apache24\\htdocs\\select_machinebearinginfo.php on line 24
[Fri Mar 29 20:37:58.156031 2024] [:error] [pid 23920:tid 640] [client 192.168.0.113:58348] PHP Notice:  Undefined index: machineNumber in D:\\Apache24\\htdocs\\select_machinebearinginfo.php on line 9
[Fri Mar 29 20:37:58.157028 2024] [:error] [pid 23920:tid 640] [client 192.168.0.113:58348] PHP Notice:  Trying to get property of non-object in D:\\Apache24\\htdocs\\select_machinebearinginfo.php on line 24
[Fri Mar 29 20:43:00.984054 2024] [:error] [pid 23920:tid 628] [client 192.168.0.113:59067] PHP Notice:  Undefined index: machineNumber in D:\\Apache24\\htdocs\\select_machinebearinginfo.php on line 9
[Fri Mar 29 20:43:00.985048 2024] [:error] [pid 23920:tid 628] [client 192.168.0.113:59067] PHP Notice:  Trying to get property of non-object in D:\\Apache24\\htdocs\\select_machinebearinginfo.php on line 24
[Fri Mar 29 20:43:14.658254 2024] [:error] [pid 23920:tid 640] [client 192.168.0.113:59068] PHP Notice:  Undefined index: machineNumber in D:\\Apache24\\htdocs\\select_machinebearinginfo.php on line 9
[Fri Mar 29 20:43:14.659250 2024] [:error] [pid 23920:tid 640] [client 192.168.0.113:59068] PHP Notice:  Trying to get property of non-object in D:\\Apache24\\htdocs\\select_machinebearinginfo.php on line 24
[Fri Mar 29 20:45:57.553157 2024] [:error] [pid 23920:tid 628] [client 192.168.0.113:59620] PHP Notice:  Undefined index: machineNumber in D:\\Apache24\\htdocs\\select_machinebearinginfo.php on line 9
[Fri Mar 29 20:45:57.553157 2024] [:error] [pid 23920:tid 628] [client 192.168.0.113:59620] PHP Notice:  Trying to get property of non-object in D:\\Apache24\\htdocs\\select_machinebearinginfo.php on line 24
[Fri Mar 29 20:53:48.324661 2024] [:error] [pid 23920:tid 628] [client 192.168.0.113:50495] PHP Notice:  Undefined index: machineNumber in D:\\Apache24\\htdocs\\select_machinebearinginfo.php on line 9
[Fri Mar 29 20:53:48.325658 2024] [:error] [pid 23920:tid 628] [client 192.168.0.113:50495] PHP Notice:  Trying to get property of non-object in D:\\Apache24\\htdocs\\select_machinebearinginfo.php on line 24
[Sat Mar 30 02:24:26.153854 2024] [mpm_winnt:notice] [pid 23892:tid 416] AH00422: Parent: Received shutdown signal -- Shutting down the server.
[Sat Mar 30 02:24:28.172005 2024] [mpm_winnt:notice] [pid 23920:tid 424] AH00364: Child: All worker threads have exited.
[Sat Mar 30 02:24:28.213425 2024] [mpm_winnt:notice] [pid 23892:tid 416] AH00430: Parent: Child process 23920 exited successfully.
[Sun Mar 31 01:16:44.161155 2024] [mpm_winnt:notice] [pid 2604:tid 432] AH00455: Apache/2.4.58 (Win64) PHP/5.5.7 configured -- resuming normal operations
[Sun Mar 31 01:16:44.161155 2024] [mpm_winnt:notice] [pid 2604:tid 432] AH00456: Apache Lounge VS17 Server built: Jan 30 2024 19:01:23
[Sun Mar 31 01:16:44.161155 2024] [core:notice] [pid 2604:tid 432] AH00094: Command line: 'D:\\Apache24\\bin\\httpd.exe -d D:/Apache24'
[Sun Mar 31 01:16:44.166138 2024] [mpm_winnt:notice] [pid 2604:tid 432] AH00418: Parent: Created child process 21556
[Sun Mar 31 01:16:44.742914 2024] [mpm_winnt:notice] [pid 21556:tid 436] AH00354: Child: Starting 64 worker threads.
[Sun Mar 31 01:19:45.730208 2024] [:error] [pid 21556:tid 1096] [client 192.168.0.113:61720] PHP Notice:  Undefined index: machineNumber in D:\\Apache24\\htdocs\\select_machinebearinginfo.php on line 9, referer: http://192.168.0.113:8080/
[Sun Mar 31 01:19:45.734195 2024] [:error] [pid 21556:tid 1096] [client 192.168.0.113:61720] PHP Notice:  Trying to get property of non-object in D:\\Apache24\\htdocs\\select_machinebearinginfo.php on line 24, referer: http://192.168.0.113:8080/
[Sun Mar 31 01:21:30.335831 2024] [:error] [pid 21556:tid 1096] [client 192.168.0.113:61829] PHP Notice:  Undefined index: machineNumber in D:\\Apache24\\htdocs\\select_machinebearinginfo.php on line 9, referer: http://192.168.0.113:8080/
[Sun Mar 31 01:21:30.335831 2024] [:error] [pid 21556:tid 1096] [client 192.168.0.113:61829] PHP Notice:  Trying to get property of non-object in D:\\Apache24\\htdocs\\select_machinebearinginfo.php on line 24, referer: http://192.168.0.113:8080/
[Sun Mar 31 01:27:19.432114 2024] [:error] [pid 21556:tid 1096] [client 192.168.0.113:60942] PHP Notice:  Undefined index: machineNumber in D:\\Apache24\\htdocs\\select_machinebearinginfo.php on line 9, referer: http://192.168.0.113:8080/
[Sun Mar 31 01:27:19.433111 2024] [:error] [pid 21556:tid 1096] [client 192.168.0.113:60942] PHP Notice:  Trying to get property of non-object in D:\\Apache24\\htdocs\\select_machinebearinginfo.php on line 24, referer: http://192.168.0.113:8080/
[Sun Mar 31 01:27:48.769167 2024] [:error] [pid 21556:tid 1096] [client 192.168.0.113:60973] PHP Notice:  Undefined index: machineNumber in D:\\Apache24\\htdocs\\select_machinebearinginfo.php on line 9, referer: http://192.168.0.113:8080/
[Sun Mar 31 01:27:48.770165 2024] [:error] [pid 21556:tid 1096] [client 192.168.0.113:60973] PHP Notice:  Trying to get property of non-object in D:\\Apache24\\htdocs\\select_machinebearinginfo.php on line 24, referer: http://192.168.0.113:8080/
[Sun Mar 31 01:32:09.267889 2024] [:error] [pid 21556:tid 1096] [client 192.168.0.113:57461] PHP Notice:  Undefined index: machineNumber in D:\\Apache24\\htdocs\\select_machinebearinginfo.php on line 9, referer: http://192.168.0.113:8080/
[Sun Mar 31 01:32:09.290821 2024] [:error] [pid 21556:tid 1096] [client 192.168.0.113:57461] PHP Notice:  Trying to get property of non-object in D:\\Apache24\\htdocs\\select_machinebearinginfo.php on line 24, referer: http://192.168.0.113:8080/
[Sun Mar 31 01:32:23.597860 2024] [:error] [pid 21556:tid 1096] [client 192.168.0.113:57484] PHP Notice:  Undefined index: machineNumber in D:\\Apache24\\htdocs\\select_machinebearinginfo.php on line 9, referer: http://192.168.0.113:8080/
[Sun Mar 31 01:32:23.597860 2024] [:error] [pid 21556:tid 1096] [client 192.168.0.113:57484] PHP Notice:  Trying to get property of non-object in D:\\Apache24\\htdocs\\select_machinebearinginfo.php on line 24, referer: http://192.168.0.113:8080/
[Sun Mar 31 01:52:40.312774 2024] [mpm_winnt:notice] [pid 2604:tid 432] AH00422: Parent: Received shutdown signal -- Shutting down the server.
[Sun Mar 31 01:52:42.328892 2024] [mpm_winnt:notice] [pid 21556:tid 436] AH00364: Child: All worker threads have exited.
[Sun Mar 31 01:52:42.351590 2024] [mpm_winnt:notice] [pid 2604:tid 432] AH00430: Parent: Child process 21556 exited successfully.
[Sun Mar 31 13:04:46.290609 2024] [mpm_winnt:notice] [pid 5228:tid 428] AH00455: Apache/2.4.58 (Win64) PHP/5.5.7 configured -- resuming normal operations
[Sun Mar 31 13:04:46.291048 2024] [mpm_winnt:notice] [pid 5228:tid 428] AH00456: Apache Lounge VS17 Server built: Jan 30 2024 19:01:23
[Sun Mar 31 13:04:46.291048 2024] [core:notice] [pid 5228:tid 428] AH00094: Command line: 'D:\\Apache24\\bin\\httpd.exe -d D:/Apache24'
[Sun Mar 31 13:04:46.294946 2024] [mpm_winnt:notice] [pid 5228:tid 428] AH00418: Parent: Created child process 19404
[Sun Mar 31 13:04:46.769557 2024] [mpm_winnt:notice] [pid 19404:tid 420] AH00354: Child: Starting 64 worker threads.
[Sun Mar 31 13:50:33.217035 2024] [:error] [pid 19404:tid 1104] [client 192.168.0.113:58444] PHP Warning:  mysqli::mysqli():  in D:\\Apache24\\htdocs\\select_machinebearinginfo.php on line 22
[Mon Apr 01 03:04:54.173717 2024] [mpm_winnt:notice] [pid 5228:tid 428] AH00422: Parent: Received shutdown signal -- Shutting down the server.
[Mon Apr 01 03:04:56.199931 2024] [mpm_winnt:notice] [pid 19404:tid 420] AH00364: Child: All worker threads have exited.
[Mon Apr 01 03:04:56.238776 2024] [mpm_winnt:notice] [pid 5228:tid 428] AH00430: Parent: Child process 19404 exited successfully.
[Mon Apr 01 03:06:14.624285 2024] [mpm_winnt:notice] [pid 4164:tid 412] AH00455: Apache/2.4.58 (Win64) PHP/5.5.7 configured -- resuming normal operations
[Mon Apr 01 03:06:14.624285 2024] [mpm_winnt:notice] [pid 4164:tid 412] AH00456: Apache Lounge VS17 Server built: Jan 30 2024 19:01:23
[Mon Apr 01 03:06:14.624285 2024] [core:notice] [pid 4164:tid 412] AH00094: Command line: 'D:\\Apache24\\bin\\httpd.exe -d D:/Apache24'
[Mon Apr 01 03:06:14.626305 2024] [mpm_winnt:notice] [pid 4164:tid 412] AH00418: Parent: Created child process 6804
[Mon Apr 01 03:06:15.905953 2024] [mpm_winnt:notice] [pid 6804:tid 424] AH00354: Child: Starting 64 worker threads.
[Mon Apr 01 03:06:19.384506 2024] [mpm_winnt:notice] [pid 4164:tid 412] AH00422: Parent: Received shutdown signal -- Shutting down the server.
[Mon Apr 01 03:06:21.445974 2024] [mpm_winnt:notice] [pid 6804:tid 424] AH00364: Child: All worker threads have exited.
[Mon Apr 01 03:06:21.464275 2024] [mpm_winnt:notice] [pid 4164:tid 412] AH00430: Parent: Child process 6804 exited successfully.
[Mon Apr 01 12:53:22.270403 2024] [mpm_winnt:notice] [pid 4500:tid 152] AH00455: Apache/2.4.58 (Win64) PHP/5.5.7 configured -- resuming normal operations
[Mon Apr 01 12:53:22.270900 2024] [mpm_winnt:notice] [pid 4500:tid 152] AH00456: Apache Lounge VS17 Server built: Jan 30 2024 19:01:23
[Mon Apr 01 12:53:22.270900 2024] [core:notice] [pid 4500:tid 152] AH00094: Command line: 'D:\\Apache24\\bin\\httpd.exe -d D:/Apache24'
[Mon Apr 01 12:53:22.274562 2024] [mpm_winnt:notice] [pid 4500:tid 152] AH00418: Parent: Created child process 8824
[Mon Apr 01 12:53:23.398868 2024] [mpm_winnt:notice] [pid 8824:tid 420] AH00354: Child: Starting 64 worker threads.
[Mon Apr 01 14:34:31.062380 2024] [mpm_winnt:notice] [pid 4148:tid 404] AH00455: Apache/2.4.58 (Win64) PHP/5.5.7 configured -- resuming normal operations
[Mon Apr 01 14:34:31.062380 2024] [mpm_winnt:notice] [pid 4148:tid 404] AH00456: Apache Lounge VS17 Server built: Jan 30 2024 19:01:23
[Mon Apr 01 14:34:31.062380 2024] [core:notice] [pid 4148:tid 404] AH00094: Command line: 'D:\\Apache24\\bin\\httpd.exe -d D:/Apache24'
[Mon Apr 01 14:34:31.067137 2024] [mpm_winnt:notice] [pid 4148:tid 404] AH00418: Parent: Created child process 7680
[Mon Apr 01 14:34:32.339395 2024] [mpm_winnt:notice] [pid 7680:tid 444] AH00354: Child: Starting 64 worker threads.
[Tue Apr 02 00:04:51.091607 2024] [mpm_winnt:notice] [pid 560:tid 440] AH00455: Apache/2.4.58 (Win64) PHP/5.5.7 configured -- resuming normal operations
[Tue Apr 02 00:04:51.091607 2024] [mpm_winnt:notice] [pid 560:tid 440] AH00456: Apache Lounge VS17 Server built: Jan 30 2024 19:01:23
[Tue Apr 02 00:04:51.091607 2024] [core:notice] [pid 560:tid 440] AH00094: Command line: 'D:\\Apache24\\bin\\httpd.exe -d D:/Apache24'
[Tue Apr 02 00:04:51.096608 2024] [mpm_winnt:notice] [pid 560:tid 440] AH00418: Parent: Created child process 11844
[Tue Apr 02 00:04:51.691175 2024] [mpm_winnt:notice] [pid 11844:tid 436] AH00354: Child: Starting 64 worker threads.
[Tue Apr 02 01:52:09.431199 2024] [:error] [pid 11844:tid 1092] [client 192.168.0.103:64893] PHP Warning:  mysqli::mysqli():  in D:\\Apache24\\htdocs\\insert_bearinginfo.php on line 24
[Tue Apr 02 02:10:45.979765 2024] [mpm_winnt:notice] [pid 560:tid 440] AH00422: Parent: Received shutdown signal -- Shutting down the server.
[Tue Apr 02 02:10:48.000858 2024] [mpm_winnt:notice] [pid 11844:tid 436] AH00364: Child: All worker threads have exited.
[Tue Apr 02 02:10:48.037755 2024] [mpm_winnt:notice] [pid 560:tid 440] AH00430: Parent: Child process 11844 exited successfully.
[Tue Apr 02 17:29:01.859623 2024] [mpm_winnt:notice] [pid 8476:tid 404] AH00455: Apache/2.4.58 (Win64) PHP/5.5.7 configured -- resuming normal operations
[Tue Apr 02 17:29:01.859623 2024] [mpm_winnt:notice] [pid 8476:tid 404] AH00456: Apache Lounge VS17 Server built: Jan 30 2024 19:01:23
[Tue Apr 02 17:29:01.859623 2024] [core:notice] [pid 8476:tid 404] AH00094: Command line: 'D:\\Apache24\\bin\\httpd.exe -d D:/Apache24'
[Tue Apr 02 17:29:01.859623 2024] [mpm_winnt:notice] [pid 8476:tid 404] AH00418: Parent: Created child process 16276
[Tue Apr 02 17:29:02.533928 2024] [mpm_winnt:notice] [pid 16276:tid 444] AH00354: Child: Starting 64 worker threads.
[Wed Apr 03 00:10:46.244548 2024] [mpm_winnt:notice] [pid 8476:tid 404] AH00422: Parent: Received shutdown signal -- Shutting down the server.
[Wed Apr 03 00:10:48.261658 2024] [mpm_winnt:notice] [pid 16276:tid 444] AH00364: Child: All worker threads have exited.
[Wed Apr 03 00:10:48.300610 2024] [mpm_winnt:notice] [pid 8476:tid 404] AH00430: Parent: Child process 16276 exited successfully.
[Thu Apr 04 15:16:58.419887 2024] [mpm_winnt:notice] [pid 16060:tid 420] AH00455: Apache/2.4.58 (Win64) PHP/5.5.7 configured -- resuming normal operations
[Thu Apr 04 15:16:58.420888 2024] [mpm_winnt:notice] [pid 16060:tid 420] AH00456: Apache Lounge VS17 Server built: Jan 30 2024 19:01:23
[Thu Apr 04 15:16:58.420888 2024] [core:notice] [pid 16060:tid 420] AH00094: Command line: 'D:\\Apache24\\bin\\httpd.exe -d D:/Apache24'
[Thu Apr 04 15:16:58.424888 2024] [mpm_winnt:notice] [pid 16060:tid 420] AH00418: Parent: Created child process 304
[Thu Apr 04 15:16:58.980327 2024] [mpm_winnt:notice] [pid 304:tid 444] AH00354: Child: Starting 64 worker threads.
[Thu Apr 04 16:26:38.778801 2024] [mpm_winnt:notice] [pid 16060:tid 420] AH00422: Parent: Received shutdown signal -- Shutting down the server.
[Thu Apr 04 16:26:40.800457 2024] [mpm_winnt:notice] [pid 304:tid 444] AH00364: Child: All worker threads have exited.
[Thu Apr 04 16:26:40.836553 2024] [mpm_winnt:notice] [pid 16060:tid 420] AH00430: Parent: Child process 304 exited successfully.
[Fri Apr 05 19:59:23.557850 2024] [mpm_winnt:notice] [pid 19936:tid 428] AH00455: Apache/2.4.58 (Win64) PHP/5.5.7 configured -- resuming normal operations
[Fri Apr 05 19:59:23.557850 2024] [mpm_winnt:notice] [pid 19936:tid 428] AH00456: Apache Lounge VS17 Server built: Jan 30 2024 19:01:23
[Fri Apr 05 19:59:23.557850 2024] [core:notice] [pid 19936:tid 428] AH00094: Command line: 'D:\\Apache24\\bin\\httpd.exe -d D:/Apache24'
[Fri Apr 05 19:59:23.561840 2024] [mpm_winnt:notice] [pid 19936:tid 428] AH00418: Parent: Created child process 18772
[Fri Apr 05 19:59:24.217081 2024] [mpm_winnt:notice] [pid 18772:tid 432] AH00354: Child: Starting 64 worker threads.
[Sun Apr 07 10:20:23.458159 2024] [core:warn] [pid 2160:tid 412] AH00098: pid file D:/Apache24/logs/httpd.pid overwritten -- Unclean shutdown of previous Apache run?
[Sun Apr 07 10:20:23.520718 2024] [mpm_winnt:notice] [pid 2160:tid 412] AH00455: Apache/2.4.58 (Win64) PHP/5.5.7 configured -- resuming normal operations
[Sun Apr 07 10:20:23.520718 2024] [mpm_winnt:notice] [pid 2160:tid 412] AH00456: Apache Lounge VS17 Server built: Jan 30 2024 19:01:23
[Sun Apr 07 10:20:23.520718 2024] [core:notice] [pid 2160:tid 412] AH00094: Command line: 'D:\\Apache24\\bin\\httpd.exe -d D:/Apache24'
[Sun Apr 07 10:20:23.524933 2024] [mpm_winnt:notice] [pid 2160:tid 412] AH00418: Parent: Created child process 2856
[Sun Apr 07 10:20:24.238708 2024] [mpm_winnt:notice] [pid 2856:tid 444] AH00354: Child: Starting 64 worker threads.
[Sun Apr 07 12:34:01.236485 2024] [mpm_winnt:notice] [pid 2160:tid 412] AH00422: Parent: Received shutdown signal -- Shutting down the server.
[Sun Apr 07 12:34:03.250554 2024] [mpm_winnt:notice] [pid 2856:tid 444] AH00364: Child: All worker threads have exited.
[Sun Apr 07 12:34:03.316404 2024] [mpm_winnt:notice] [pid 2160:tid 412] AH00430: Parent: Child process 2856 exited successfully.
